{"/Users/maksim/Desktop/twitter-clone/src/App.tsx": {"path":"/Users/maksim/Desktop/twitter-clone/src/App.tsx","statementMap":{"0":{"start":{"line":15,"column":23},"end":{"line":46,"column":2}},"1":{"start":{"line":16,"column":34},"end":{"line":16,"column":59}},"2":{"start":{"line":18,"column":2},"end":{"line":21,"column":8}},"3":{"start":{"line":19,"column":18},"end":{"line":19,"column":81}},"4":{"start":{"line":20,"column":4},"end":{"line":20,"column":22}},"5":{"start":{"line":23,"column":2},"end":{"line":25,"column":16}},"6":{"start":{"line":24,"column":4},"end":{"line":24,"column":58}},"7":{"start":{"line":27,"column":18},"end":{"line":35,"column":8}},"8":{"start":{"line":28,"column":31},"end":{"line":32,"column":5}},"9":{"start":{"line":34,"column":4},"end":{"line":34,"column":45}},"10":{"start":{"line":34,"column":26},"end":{"line":34,"column":44}},"11":{"start":{"line":37,"column":2},"end":{"line":45,"column":3}}},"fnMap":{"0":{"name":"(anonymous_0)","decl":{"start":{"line":15,"column":34},"end":{"line":15,"column":35}},"loc":{"start":{"line":15,"column":40},"end":{"line":46,"column":1}},"line":15},"1":{"name":"(anonymous_1)","decl":{"start":{"line":18,"column":12},"end":{"line":18,"column":13}},"loc":{"start":{"line":18,"column":18},"end":{"line":21,"column":3}},"line":18},"2":{"name":"(anonymous_2)","decl":{"start":{"line":23,"column":12},"end":{"line":23,"column":13}},"loc":{"start":{"line":23,"column":18},"end":{"line":25,"column":3}},"line":23},"3":{"name":"(anonymous_3)","decl":{"start":{"line":27,"column":30},"end":{"line":27,"column":31}},"loc":{"start":{"line":27,"column":49},"end":{"line":35,"column":3}},"line":27},"4":{"name":"(anonymous_4)","decl":{"start":{"line":34,"column":16},"end":{"line":34,"column":17}},"loc":{"start":{"line":34,"column":26},"end":{"line":34,"column":44}},"line":34}},"branchMap":{"0":{"loc":{"start":{"line":19,"column":29},"end":{"line":19,"column":65}},"type":"binary-expr","locations":[{"start":{"line":19,"column":29},"end":{"line":19,"column":57}},{"start":{"line":19,"column":61},"end":{"line":19,"column":65}}],"line":19}},"s":{"0":1,"1":2,"2":2,"3":1,"4":1,"5":2,"6":2,"7":2,"8":0,"9":0,"10":0,"11":2},"f":{"0":2,"1":1,"2":2,"3":0,"4":0},"b":{"0":[1,1]},"_coverageSchema":"1a1c01bbd47fc00a2c39e90264f33305004495a9","hash":"79309df0c7d42a3f7d366f5c425265c222962c9b"}
,"/Users/maksim/Desktop/twitter-clone/src/index.tsx": {"path":"/Users/maksim/Desktop/twitter-clone/src/index.tsx","statementMap":{"0":{"start":{"line":8,"column":0},"end":{"line":16,"column":1}}},"fnMap":{},"branchMap":{},"s":{"0":0},"f":{},"b":{}}
,"/Users/maksim/Desktop/twitter-clone/src/components/Content/Content.tsx": {"path":"/Users/maksim/Desktop/twitter-clone/src/components/Content/Content.tsx","statementMap":{"0":{"start":{"line":13,"column":34},"end":{"line":35,"column":2}},"1":{"start":{"line":14,"column":2},"end":{"line":34,"column":3}},"2":{"start":{"line":19,"column":27},"end":{"line":19,"column":84}},"3":{"start":{"line":24,"column":27},"end":{"line":24,"column":84}},"4":{"start":{"line":29,"column":27},"end":{"line":29,"column":86}}},"fnMap":{"0":{"name":"(anonymous_0)","decl":{"start":{"line":13,"column":45},"end":{"line":13,"column":46}},"loc":{"start":{"line":13,"column":76},"end":{"line":35,"column":1}},"line":13},"1":{"name":"(anonymous_1)","decl":{"start":{"line":19,"column":21},"end":{"line":19,"column":22}},"loc":{"start":{"line":19,"column":27},"end":{"line":19,"column":84}},"line":19},"2":{"name":"(anonymous_2)","decl":{"start":{"line":24,"column":21},"end":{"line":24,"column":22}},"loc":{"start":{"line":24,"column":27},"end":{"line":24,"column":84}},"line":24},"3":{"name":"(anonymous_3)","decl":{"start":{"line":29,"column":21},"end":{"line":29,"column":22}},"loc":{"start":{"line":29,"column":27},"end":{"line":29,"column":86}},"line":29}},"branchMap":{},"s":{"0":1,"1":2,"2":2,"3":0,"4":0},"f":{"0":2,"1":2,"2":0,"3":0},"b":{},"_coverageSchema":"1a1c01bbd47fc00a2c39e90264f33305004495a9","hash":"7ae16a0088947ee30e050b443fc394668e37eb03"}
,"/Users/maksim/Desktop/twitter-clone/src/components/Content/Bookmarks/Bookmarks.tsx": {"path":"/Users/maksim/Desktop/twitter-clone/src/components/Content/Bookmarks/Bookmarks.tsx","statementMap":{"0":{"start":{"line":13,"column":36},"end":{"line":39,"column":2}},"1":{"start":{"line":14,"column":2},"end":{"line":38,"column":3}},"2":{"start":{"line":18,"column":10},"end":{"line":33,"column":11}},"3":{"start":{"line":19,"column":12},"end":{"line":32,"column":13}},"4":{"start":{"line":34,"column":10},"end":{"line":34,"column":19}}},"fnMap":{"0":{"name":"(anonymous_0)","decl":{"start":{"line":13,"column":47},"end":{"line":13,"column":48}},"loc":{"start":{"line":13,"column":78},"end":{"line":39,"column":1}},"line":13},"1":{"name":"(anonymous_1)","decl":{"start":{"line":17,"column":22},"end":{"line":17,"column":23}},"loc":{"start":{"line":17,"column":47},"end":{"line":35,"column":9}},"line":17}},"branchMap":{"0":{"loc":{"start":{"line":18,"column":10},"end":{"line":33,"column":11}},"type":"if","locations":[{"start":{"line":18,"column":10},"end":{"line":33,"column":11}},{"start":{"line":18,"column":10},"end":{"line":33,"column":11}}],"line":18}},"s":{"0":1,"1":0,"2":0,"3":0,"4":0},"f":{"0":0,"1":0},"b":{"0":[0,0]},"_coverageSchema":"1a1c01bbd47fc00a2c39e90264f33305004495a9","hash":"71178ba16ae70d0b2de5591557aab11d37dc1733"}
,"/Users/maksim/Desktop/twitter-clone/src/components/Content/Profile/Profile.tsx": {"path":"/Users/maksim/Desktop/twitter-clone/src/components/Content/Profile/Profile.tsx","statementMap":{"0":{"start":{"line":14,"column":34},"end":{"line":24,"column":2}},"1":{"start":{"line":15,"column":2},"end":{"line":23,"column":3}}},"fnMap":{"0":{"name":"(anonymous_0)","decl":{"start":{"line":14,"column":45},"end":{"line":14,"column":46}},"loc":{"start":{"line":14,"column":76},"end":{"line":24,"column":1}},"line":14}},"branchMap":{},"s":{"0":1,"1":2},"f":{"0":2},"b":{},"_coverageSchema":"1a1c01bbd47fc00a2c39e90264f33305004495a9","hash":"4b29ae5c4e3215230c4f8a7107b21b22da28bffd"}
,"/Users/maksim/Desktop/twitter-clone/src/components/Content/Profile/components/ProfileContent/ProfileContent.tsx": {"path":"/Users/maksim/Desktop/twitter-clone/src/components/Content/Profile/components/ProfileContent/ProfileContent.tsx","statementMap":{"0":{"start":{"line":16,"column":41},"end":{"line":40,"column":1}},"1":{"start":{"line":17,"column":2},"end":{"line":39,"column":3}},"2":{"start":{"line":22,"column":27},"end":{"line":22,"column":81}},"3":{"start":{"line":26,"column":27},"end":{"line":26,"column":81}},"4":{"start":{"line":30,"column":27},"end":{"line":30,"column":81}},"5":{"start":{"line":34,"column":46},"end":{"line":34,"column":59}},"6":{"start":{"line":35,"column":46},"end":{"line":35,"column":59}},"7":{"start":{"line":36,"column":59},"end":{"line":36,"column":83}}},"fnMap":{"0":{"name":"(anonymous_0)","decl":{"start":{"line":16,"column":41},"end":{"line":16,"column":42}},"loc":{"start":{"line":16,"column":72},"end":{"line":40,"column":1}},"line":16},"1":{"name":"(anonymous_1)","decl":{"start":{"line":22,"column":21},"end":{"line":22,"column":22}},"loc":{"start":{"line":22,"column":27},"end":{"line":22,"column":81}},"line":22},"2":{"name":"(anonymous_2)","decl":{"start":{"line":26,"column":21},"end":{"line":26,"column":22}},"loc":{"start":{"line":26,"column":27},"end":{"line":26,"column":81}},"line":26},"3":{"name":"(anonymous_3)","decl":{"start":{"line":30,"column":21},"end":{"line":30,"column":22}},"loc":{"start":{"line":30,"column":27},"end":{"line":30,"column":81}},"line":30},"4":{"name":"(anonymous_4)","decl":{"start":{"line":34,"column":40},"end":{"line":34,"column":41}},"loc":{"start":{"line":34,"column":46},"end":{"line":34,"column":59}},"line":34},"5":{"name":"(anonymous_5)","decl":{"start":{"line":35,"column":40},"end":{"line":35,"column":41}},"loc":{"start":{"line":35,"column":46},"end":{"line":35,"column":59}},"line":35},"6":{"name":"(anonymous_6)","decl":{"start":{"line":36,"column":53},"end":{"line":36,"column":54}},"loc":{"start":{"line":36,"column":59},"end":{"line":36,"column":83}},"line":36}},"branchMap":{},"s":{"0":1,"1":2,"2":0,"3":0,"4":2,"5":0,"6":0,"7":0},"f":{"0":2,"1":0,"2":0,"3":2,"4":0,"5":0,"6":0},"b":{},"_coverageSchema":"1a1c01bbd47fc00a2c39e90264f33305004495a9","hash":"9cd89cd22f533726a2abc87ac3f80faabc5e0f53"}
,"/Users/maksim/Desktop/twitter-clone/src/components/Content/Profile/components/ProfileInfo/ProfileInfo.tsx": {"path":"/Users/maksim/Desktop/twitter-clone/src/components/Content/Profile/components/ProfileInfo/ProfileInfo.tsx","statementMap":{"0":{"start":{"line":8,"column":31},"end":{"line":49,"column":2}},"1":{"start":{"line":9,"column":2},"end":{"line":48,"column":3}}},"fnMap":{"0":{"name":"(anonymous_0)","decl":{"start":{"line":8,"column":42},"end":{"line":8,"column":43}},"loc":{"start":{"line":8,"column":48},"end":{"line":49,"column":1}},"line":8}},"branchMap":{},"s":{"0":1,"1":2},"f":{"0":2},"b":{},"_coverageSchema":"1a1c01bbd47fc00a2c39e90264f33305004495a9","hash":"80e2a30ab6fb887f6feac843647c3d975f908c2c"}
,"/Users/maksim/Desktop/twitter-clone/src/components/Content/Profile/components/ProfileNav/ProfileNav.tsx": {"path":"/Users/maksim/Desktop/twitter-clone/src/components/Content/Profile/components/ProfileNav/ProfileNav.tsx","statementMap":{"0":{"start":{"line":5,"column":17},"end":{"line":5,"column":67}},"1":{"start":{"line":7,"column":30},"end":{"line":33,"column":1}},"2":{"start":{"line":8,"column":38},"end":{"line":8,"column":56}},"3":{"start":{"line":10,"column":25},"end":{"line":13,"column":8}},"4":{"start":{"line":11,"column":18},"end":{"line":11,"column":43}},"5":{"start":{"line":12,"column":4},"end":{"line":12,"column":24}},"6":{"start":{"line":15,"column":2},"end":{"line":32,"column":3}},"7":{"start":{"line":19,"column":10},"end":{"line":28,"column":15}}},"fnMap":{"0":{"name":"(anonymous_0)","decl":{"start":{"line":7,"column":30},"end":{"line":7,"column":31}},"loc":{"start":{"line":7,"column":36},"end":{"line":33,"column":1}},"line":7},"1":{"name":"(anonymous_1)","decl":{"start":{"line":10,"column":37},"end":{"line":10,"column":38}},"loc":{"start":{"line":10,"column":62},"end":{"line":13,"column":3}},"line":10},"2":{"name":"(anonymous_2)","decl":{"start":{"line":18,"column":22},"end":{"line":18,"column":23}},"loc":{"start":{"line":19,"column":10},"end":{"line":28,"column":15}},"line":19}},"branchMap":{"0":{"loc":{"start":{"line":24,"column":25},"end":{"line":24,"column":92}},"type":"cond-expr","locations":[{"start":{"line":24,"column":47},"end":{"line":24,"column":70}},{"start":{"line":24,"column":73},"end":{"line":24,"column":92}}],"line":24}},"s":{"0":2,"1":2,"2":5,"3":5,"4":1,"5":1,"6":5,"7":20},"f":{"0":5,"1":1,"2":20},"b":{"0":[5,15]},"_coverageSchema":"1a1c01bbd47fc00a2c39e90264f33305004495a9","hash":"d9b4b5614c03c88d2575d1eedd6f2c8a4dc4eee6"}
,"/Users/maksim/Desktop/twitter-clone/src/components/Content/Profile/components/ProfileNav/componentsTest/LikesTest.tsx": {"path":"/Users/maksim/Desktop/twitter-clone/src/components/Content/Profile/components/ProfileNav/componentsTest/LikesTest.tsx","statementMap":{"0":{"start":{"line":5,"column":29},"end":{"line":48,"column":1}},"1":{"start":{"line":6,"column":2},"end":{"line":47,"column":3}},"2":{"start":{"line":39,"column":14},"end":{"line":41,"column":19}}},"fnMap":{"0":{"name":"(anonymous_0)","decl":{"start":{"line":5,"column":29},"end":{"line":5,"column":30}},"loc":{"start":{"line":5,"column":35},"end":{"line":48,"column":1}},"line":5},"1":{"name":"(anonymous_1)","decl":{"start":{"line":38,"column":28},"end":{"line":38,"column":29}},"loc":{"start":{"line":39,"column":14},"end":{"line":41,"column":19}},"line":39}},"branchMap":{},"s":{"0":2,"1":1,"2":5},"f":{"0":1,"1":5},"b":{},"_coverageSchema":"1a1c01bbd47fc00a2c39e90264f33305004495a9","hash":"e519d2adc2f43873365706dd68ecb4a662974e39"}
,"/Users/maksim/Desktop/twitter-clone/src/components/Content/Profile/components/ProfileNav/componentsTest/MediaTest.tsx": {"path":"/Users/maksim/Desktop/twitter-clone/src/components/Content/Profile/components/ProfileNav/componentsTest/MediaTest.tsx","statementMap":{"0":{"start":{"line":5,"column":29},"end":{"line":51,"column":1}},"1":{"start":{"line":6,"column":2},"end":{"line":50,"column":3}},"2":{"start":{"line":42,"column":14},"end":{"line":44,"column":19}}},"fnMap":{"0":{"name":"(anonymous_0)","decl":{"start":{"line":5,"column":29},"end":{"line":5,"column":30}},"loc":{"start":{"line":5,"column":35},"end":{"line":51,"column":1}},"line":5},"1":{"name":"(anonymous_1)","decl":{"start":{"line":41,"column":28},"end":{"line":41,"column":29}},"loc":{"start":{"line":42,"column":14},"end":{"line":44,"column":19}},"line":42}},"branchMap":{},"s":{"0":2,"1":1,"2":5},"f":{"0":1,"1":5},"b":{},"_coverageSchema":"1a1c01bbd47fc00a2c39e90264f33305004495a9","hash":"462f4e10350c69fd4cbd278e0ea589a4b5c2636b"}
,"/Users/maksim/Desktop/twitter-clone/src/components/Content/Profile/components/ProfileNav/componentsTest/TweetsAndRepliesTest.tsx": {"path":"/Users/maksim/Desktop/twitter-clone/src/components/Content/Profile/components/ProfileNav/componentsTest/TweetsAndRepliesTest.tsx","statementMap":{"0":{"start":{"line":5,"column":40},"end":{"line":58,"column":1}},"1":{"start":{"line":6,"column":2},"end":{"line":57,"column":3}},"2":{"start":{"line":49,"column":14},"end":{"line":51,"column":19}}},"fnMap":{"0":{"name":"(anonymous_0)","decl":{"start":{"line":5,"column":40},"end":{"line":5,"column":41}},"loc":{"start":{"line":5,"column":46},"end":{"line":58,"column":1}},"line":5},"1":{"name":"(anonymous_1)","decl":{"start":{"line":48,"column":28},"end":{"line":48,"column":29}},"loc":{"start":{"line":49,"column":14},"end":{"line":51,"column":19}},"line":49}},"branchMap":{},"s":{"0":2,"1":1,"2":5},"f":{"0":1,"1":5},"b":{},"_coverageSchema":"1a1c01bbd47fc00a2c39e90264f33305004495a9","hash":"a1cae300400c67caf9a186ea5c1df1fa7f23e892"}
,"/Users/maksim/Desktop/twitter-clone/src/components/Nav/Nav.tsx": {"path":"/Users/maksim/Desktop/twitter-clone/src/components/Nav/Nav.tsx","statementMap":{"0":{"start":{"line":11,"column":30},"end":{"line":20,"column":2}},"1":{"start":{"line":12,"column":2},"end":{"line":19,"column":3}}},"fnMap":{"0":{"name":"(anonymous_0)","decl":{"start":{"line":11,"column":41},"end":{"line":11,"column":42}},"loc":{"start":{"line":11,"column":58},"end":{"line":20,"column":1}},"line":11}},"branchMap":{},"s":{"0":1,"1":1},"f":{"0":1},"b":{},"_coverageSchema":"1a1c01bbd47fc00a2c39e90264f33305004495a9","hash":"484eb3eaea3b5b9dfdd687191b17a2fdb8c69db0"}
,"/Users/maksim/Desktop/twitter-clone/src/components/Nav/components/button/Button.tsx": {"path":"/Users/maksim/Desktop/twitter-clone/src/components/Nav/components/button/Button.tsx","statementMap":{"0":{"start":{"line":5,"column":19},"end":{"line":5,"column":71}},"1":{"start":{"line":5,"column":30},"end":{"line":5,"column":70}},"2":{"start":{"line":11,"column":33},"end":{"line":36,"column":2}},"3":{"start":{"line":12,"column":28},"end":{"line":12,"column":43}},"4":{"start":{"line":14,"column":21},"end":{"line":22,"column":3}},"5":{"start":{"line":15,"column":4},"end":{"line":21,"column":5}},"6":{"start":{"line":18,"column":43},"end":{"line":18,"column":95}},"7":{"start":{"line":24,"column":18},"end":{"line":26,"column":3}},"8":{"start":{"line":25,"column":4},"end":{"line":25,"column":29}},"9":{"start":{"line":25,"column":23},"end":{"line":25,"column":28}},"10":{"start":{"line":28,"column":2},"end":{"line":35,"column":3}}},"fnMap":{"0":{"name":"(anonymous_0)","decl":{"start":{"line":5,"column":24},"end":{"line":5,"column":25}},"loc":{"start":{"line":5,"column":30},"end":{"line":5,"column":70}},"line":5},"1":{"name":"(anonymous_1)","decl":{"start":{"line":11,"column":44},"end":{"line":11,"column":45}},"loc":{"start":{"line":11,"column":61},"end":{"line":36,"column":1}},"line":11},"2":{"name":"(anonymous_2)","decl":{"start":{"line":14,"column":21},"end":{"line":14,"column":22}},"loc":{"start":{"line":14,"column":27},"end":{"line":22,"column":3}},"line":14},"3":{"name":"(anonymous_3)","decl":{"start":{"line":18,"column":37},"end":{"line":18,"column":38}},"loc":{"start":{"line":18,"column":43},"end":{"line":18,"column":95}},"line":18},"4":{"name":"(anonymous_4)","decl":{"start":{"line":24,"column":18},"end":{"line":24,"column":19}},"loc":{"start":{"line":24,"column":24},"end":{"line":26,"column":3}},"line":24},"5":{"name":"(anonymous_5)","decl":{"start":{"line":25,"column":13},"end":{"line":25,"column":14}},"loc":{"start":{"line":25,"column":23},"end":{"line":25,"column":28}},"line":25}},"branchMap":{"0":{"loc":{"start":{"line":33,"column":7},"end":{"line":33,"column":34}},"type":"cond-expr","locations":[{"start":{"line":33,"column":15},"end":{"line":33,"column":27}},{"start":{"line":33,"column":30},"end":{"line":33,"column":34}}],"line":33}},"s":{"0":2,"1":0,"2":2,"3":2,"4":2,"5":0,"6":0,"7":2,"8":0,"9":0,"10":2},"f":{"0":0,"1":2,"2":0,"3":0,"4":0,"5":0},"b":{"0":[0,2]},"_coverageSchema":"1a1c01bbd47fc00a2c39e90264f33305004495a9","hash":"52f9c770cc38461b4f3db1f1dfd231375f6270cd"}
,"/Users/maksim/Desktop/twitter-clone/src/components/Nav/components/menuItems/MenuItems.tsx": {"path":"/Users/maksim/Desktop/twitter-clone/src/components/Nav/components/menuItems/MenuItems.tsx","statementMap":{"0":{"start":{"line":13,"column":41},"end":{"line":47,"column":2}},"1":{"start":{"line":14,"column":44},"end":{"line":14,"column":63}},"2":{"start":{"line":16,"column":22},"end":{"line":26,"column":3}},"3":{"start":{"line":18,"column":28},"end":{"line":18,"column":53}},"4":{"start":{"line":19,"column":6},"end":{"line":19,"column":29}},"5":{"start":{"line":21,"column":6},"end":{"line":23,"column":7}},"6":{"start":{"line":22,"column":8},"end":{"line":22,"column":37}},"7":{"start":{"line":28,"column":2},"end":{"line":46,"column":3}},"8":{"start":{"line":35,"column":10},"end":{"line":42,"column":15}}},"fnMap":{"0":{"name":"(anonymous_0)","decl":{"start":{"line":13,"column":52},"end":{"line":13,"column":53}},"loc":{"start":{"line":13,"column":76},"end":{"line":47,"column":1}},"line":13},"1":{"name":"(anonymous_1)","decl":{"start":{"line":17,"column":4},"end":{"line":17,"column":5}},"loc":{"start":{"line":17,"column":29},"end":{"line":24,"column":5}},"line":17},"2":{"name":"(anonymous_2)","decl":{"start":{"line":34,"column":21},"end":{"line":34,"column":22}},"loc":{"start":{"line":35,"column":10},"end":{"line":42,"column":15}},"line":35}},"branchMap":{"0":{"loc":{"start":{"line":21,"column":6},"end":{"line":23,"column":7}},"type":"if","locations":[{"start":{"line":21,"column":6},"end":{"line":23,"column":7}},{"start":{"line":21,"column":6},"end":{"line":23,"column":7}}],"line":21}},"s":{"0":2,"1":4,"2":4,"3":1,"4":1,"5":1,"6":1,"7":4,"8":32},"f":{"0":4,"1":1,"2":32},"b":{"0":[1,0]},"_coverageSchema":"1a1c01bbd47fc00a2c39e90264f33305004495a9","hash":"2bd3582a41d91ab84afc4f815175f5d90dbc9e75"}
,"/Users/maksim/Desktop/twitter-clone/src/components/Nav/components/menuItems/components/Item/Item.tsx": {"path":"/Users/maksim/Desktop/twitter-clone/src/components/Nav/components/menuItems/components/Item/Item.tsx","statementMap":{"0":{"start":{"line":13,"column":35},"end":{"line":26,"column":2}},"1":{"start":{"line":14,"column":2},"end":{"line":25,"column":3}}},"fnMap":{"0":{"name":"(anonymous_0)","decl":{"start":{"line":13,"column":46},"end":{"line":13,"column":47}},"loc":{"start":{"line":13,"column":93},"end":{"line":26,"column":1}},"line":13}},"branchMap":{"0":{"loc":{"start":{"line":16,"column":33},"end":{"line":16,"column":79}},"type":"cond-expr","locations":[{"start":{"line":16,"column":44},"end":{"line":16,"column":61}},{"start":{"line":16,"column":64},"end":{"line":16,"column":79}}],"line":16},"1":{"loc":{"start":{"line":20,"column":19},"end":{"line":20,"column":67}},"type":"cond-expr","locations":[{"start":{"line":20,"column":30},"end":{"line":20,"column":48}},{"start":{"line":20,"column":51},"end":{"line":20,"column":67}}],"line":20}},"s":{"0":2,"1":32},"f":{"0":32},"b":{"0":[4,28],"1":[4,28]},"_coverageSchema":"1a1c01bbd47fc00a2c39e90264f33305004495a9","hash":"a672e551eac050eae2d21e3869bd2454c4dff233"}
,"/Users/maksim/Desktop/twitter-clone/src/components/News/News.tsx": {"path":"/Users/maksim/Desktop/twitter-clone/src/components/News/News.tsx","statementMap":{"0":{"start":{"line":16,"column":26},"end":{"line":16,"column":69}},"1":{"start":{"line":23,"column":31},"end":{"line":90,"column":1}},"2":{"start":{"line":24,"column":2},"end":{"line":89,"column":3}},"3":{"start":{"line":29,"column":12},"end":{"line":31,"column":17}},"4":{"start":{"line":66,"column":16},"end":{"line":75,"column":17}},"5":{"start":{"line":67,"column":18},"end":{"line":74,"column":19}},"6":{"start":{"line":76,"column":16},"end":{"line":82,"column":17}}},"fnMap":{"0":{"name":"(anonymous_0)","decl":{"start":{"line":23,"column":31},"end":{"line":23,"column":32}},"loc":{"start":{"line":23,"column":62},"end":{"line":90,"column":1}},"line":23},"1":{"name":"(anonymous_1)","decl":{"start":{"line":28,"column":24},"end":{"line":28,"column":25}},"loc":{"start":{"line":29,"column":12},"end":{"line":31,"column":17}},"line":29},"2":{"name":"(anonymous_2)","decl":{"start":{"line":65,"column":30},"end":{"line":65,"column":31}},"loc":{"start":{"line":65,"column":47},"end":{"line":83,"column":15}},"line":65}},"branchMap":{"0":{"loc":{"start":{"line":66,"column":16},"end":{"line":75,"column":17}},"type":"if","locations":[{"start":{"line":66,"column":16},"end":{"line":75,"column":17}},{"start":{"line":66,"column":16},"end":{"line":75,"column":17}}],"line":66}},"s":{"0":4,"1":4,"2":2,"3":0,"4":10,"5":0,"6":10},"f":{"0":2,"1":0,"2":10},"b":{"0":[0,10]},"_coverageSchema":"1a1c01bbd47fc00a2c39e90264f33305004495a9","hash":"2a18358563f07fad1081c7d58db6553035c193be"}
,"/Users/maksim/Desktop/twitter-clone/src/components/News/Post.tsx": {"path":"/Users/maksim/Desktop/twitter-clone/src/components/News/Post.tsx","statementMap":{"0":{"start":{"line":12,"column":26},"end":{"line":12,"column":69}},"1":{"start":{"line":19,"column":31},"end":{"line":34,"column":1}},"2":{"start":{"line":20,"column":2},"end":{"line":33,"column":3}}},"fnMap":{"0":{"name":"(anonymous_0)","decl":{"start":{"line":19,"column":31},"end":{"line":19,"column":32}},"loc":{"start":{"line":19,"column":58},"end":{"line":34,"column":1}},"line":19}},"branchMap":{},"s":{"0":4,"1":4,"2":0},"f":{"0":0},"b":{},"_coverageSchema":"1a1c01bbd47fc00a2c39e90264f33305004495a9","hash":"6750d74a7ad85f9e73169020b5a3bd772ac2aeb3"}
,"/Users/maksim/Desktop/twitter-clone/src/components/News/like.tsx": {"path":"/Users/maksim/Desktop/twitter-clone/src/components/News/like.tsx","statementMap":{"0":{"start":{"line":13,"column":26},"end":{"line":13,"column":69}},"1":{"start":{"line":21,"column":31},"end":{"line":69,"column":1}},"2":{"start":{"line":22,"column":22},"end":{"line":22,"column":23}},"3":{"start":{"line":24,"column":17},"end":{"line":33,"column":3}},"4":{"start":{"line":26,"column":6},"end":{"line":30,"column":7}},"5":{"start":{"line":27,"column":8},"end":{"line":29,"column":10}},"6":{"start":{"line":28,"column":10},"end":{"line":28,"column":93}},"7":{"start":{"line":34,"column":2},"end":{"line":68,"column":3}},"8":{"start":{"line":38,"column":10},"end":{"line":64,"column":11}},"9":{"start":{"line":39,"column":12},"end":{"line":55,"column":13}},"10":{"start":{"line":44,"column":20},"end":{"line":44,"column":30}},"11":{"start":{"line":57,"column":12},"end":{"line":63,"column":13}}},"fnMap":{"0":{"name":"(anonymous_0)","decl":{"start":{"line":21,"column":31},"end":{"line":21,"column":32}},"loc":{"start":{"line":21,"column":62},"end":{"line":69,"column":1}},"line":21},"1":{"name":"(anonymous_1)","decl":{"start":{"line":25,"column":4},"end":{"line":25,"column":5}},"loc":{"start":{"line":25,"column":20},"end":{"line":31,"column":5}},"line":25},"2":{"name":"(anonymous_2)","decl":{"start":{"line":26,"column":18},"end":{"line":26,"column":19}},"loc":{"start":{"line":27,"column":8},"end":{"line":29,"column":10}},"line":27},"3":{"name":"(anonymous_3)","decl":{"start":{"line":27,"column":17},"end":{"line":27,"column":18}},"loc":{"start":{"line":27,"column":32},"end":{"line":29,"column":9}},"line":27},"4":{"name":"(anonymous_4)","decl":{"start":{"line":37,"column":24},"end":{"line":37,"column":25}},"loc":{"start":{"line":37,"column":41},"end":{"line":65,"column":9}},"line":37},"5":{"name":"(anonymous_5)","decl":{"start":{"line":43,"column":27},"end":{"line":43,"column":28}},"loc":{"start":{"line":43,"column":33},"end":{"line":45,"column":19}},"line":43}},"branchMap":{"0":{"loc":{"start":{"line":28,"column":40},"end":{"line":28,"column":91}},"type":"cond-expr","locations":[{"start":{"line":28,"column":57},"end":{"line":28,"column":73}},{"start":{"line":28,"column":76},"end":{"line":28,"column":91}}],"line":28},"1":{"loc":{"start":{"line":38,"column":10},"end":{"line":64,"column":11}},"type":"if","locations":[{"start":{"line":38,"column":10},"end":{"line":64,"column":11}},{"start":{"line":38,"column":10},"end":{"line":64,"column":11}}],"line":38},"2":{"loc":{"start":{"line":50,"column":31},"end":{"line":50,"column":69}},"type":"cond-expr","locations":[{"start":{"line":50,"column":49},"end":{"line":50,"column":64}},{"start":{"line":50,"column":67},"end":{"line":50,"column":69}}],"line":50},"3":{"loc":{"start":{"line":53,"column":23},"end":{"line":53,"column":57}},"type":"cond-expr","locations":[{"start":{"line":53,"column":41},"end":{"line":53,"column":52}},{"start":{"line":53,"column":55},"end":{"line":53,"column":57}}],"line":53}},"s":{"0":4,"1":4,"2":0,"3":0,"4":0,"5":0,"6":0,"7":0,"8":0,"9":0,"10":0,"11":0},"f":{"0":0,"1":0,"2":0,"3":0,"4":0,"5":0},"b":{"0":[0,0],"1":[0,0],"2":[0,0],"3":[0,0]},"_coverageSchema":"1a1c01bbd47fc00a2c39e90264f33305004495a9","hash":"df8c808b7e1a9f3ed5e8833f9c074cd1b4532ee4"}
,"/Users/maksim/Desktop/twitter-clone/src/components/PopupTweet/PopupTweet.tsx": {"path":"/Users/maksim/Desktop/twitter-clone/src/components/PopupTweet/PopupTweet.tsx","statementMap":{"0":{"start":{"line":17,"column":30},"end":{"line":95,"column":1}},"1":{"start":{"line":18,"column":28},"end":{"line":18,"column":40}},"2":{"start":{"line":20,"column":18},"end":{"line":20,"column":83}},"3":{"start":{"line":20,"column":36},"end":{"line":20,"column":70}},"4":{"start":{"line":20,"column":64},"end":{"line":20,"column":69}},"5":{"start":{"line":22,"column":22},"end":{"line":24,"column":8}},"6":{"start":{"line":23,"column":4},"end":{"line":23,"column":28}},"7":{"start":{"line":26,"column":24},"end":{"line":37,"column":3}},"8":{"start":{"line":28,"column":6},"end":{"line":34,"column":7}},"9":{"start":{"line":29,"column":8},"end":{"line":29,"column":22}},"10":{"start":{"line":30,"column":8},"end":{"line":30,"column":20}},"11":{"start":{"line":31,"column":8},"end":{"line":31,"column":17}},"12":{"start":{"line":33,"column":8},"end":{"line":33,"column":17}},"13":{"start":{"line":39,"column":2},"end":{"line":94,"column":3}}},"fnMap":{"0":{"name":"(anonymous_0)","decl":{"start":{"line":17,"column":30},"end":{"line":17,"column":31}},"loc":{"start":{"line":17,"column":57},"end":{"line":95,"column":1}},"line":17},"1":{"name":"(anonymous_1)","decl":{"start":{"line":20,"column":30},"end":{"line":20,"column":31}},"loc":{"start":{"line":20,"column":36},"end":{"line":20,"column":70}},"line":20},"2":{"name":"(anonymous_2)","decl":{"start":{"line":20,"column":45},"end":{"line":20,"column":46}},"loc":{"start":{"line":20,"column":64},"end":{"line":20,"column":69}},"line":20},"3":{"name":"(anonymous_3)","decl":{"start":{"line":22,"column":34},"end":{"line":22,"column":35}},"loc":{"start":{"line":22,"column":81},"end":{"line":24,"column":3}},"line":22},"4":{"name":"(anonymous_4)","decl":{"start":{"line":27,"column":4},"end":{"line":27,"column":5}},"loc":{"start":{"line":27,"column":29},"end":{"line":35,"column":5}},"line":27}},"branchMap":{"0":{"loc":{"start":{"line":28,"column":6},"end":{"line":34,"column":7}},"type":"if","locations":[{"start":{"line":28,"column":6},"end":{"line":34,"column":7}},{"start":{"line":28,"column":6},"end":{"line":34,"column":7}}],"line":28},"1":{"loc":{"start":{"line":88,"column":29},"end":{"line":88,"column":73}},"type":"cond-expr","locations":[{"start":{"line":88,"column":44},"end":{"line":88,"column":60}},{"start":{"line":88,"column":63},"end":{"line":88,"column":73}}],"line":88}},"s":{"0":0,"1":0,"2":0,"3":0,"4":0,"5":0,"6":0,"7":0,"8":0,"9":0,"10":0,"11":0,"12":0,"13":0},"f":{"0":0,"1":0,"2":0,"3":0,"4":0},"b":{"0":[0,0],"1":[0,0]}}
,"/Users/maksim/Desktop/twitter-clone/src/components/Sidebar/Sidebar.tsx": {"path":"/Users/maksim/Desktop/twitter-clone/src/components/Sidebar/Sidebar.tsx","statementMap":{"0":{"start":{"line":11,"column":27},"end":{"line":28,"column":2}},"1":{"start":{"line":12,"column":2},"end":{"line":27,"column":3}}},"fnMap":{"0":{"name":"(anonymous_0)","decl":{"start":{"line":11,"column":38},"end":{"line":11,"column":39}},"loc":{"start":{"line":11,"column":44},"end":{"line":28,"column":1}},"line":11}},"branchMap":{},"s":{"0":1,"1":1},"f":{"0":1},"b":{},"_coverageSchema":"1a1c01bbd47fc00a2c39e90264f33305004495a9","hash":"53ec61fc83e69e60a83ebdbd4053b5dbfba0a828"}
,"/Users/maksim/Desktop/twitter-clone/src/components/Sidebar/components/sidebarNav/SidebarNav.tsx": {"path":"/Users/maksim/Desktop/twitter-clone/src/components/Sidebar/components/sidebarNav/SidebarNav.tsx","statementMap":{"0":{"start":{"line":8,"column":17},"end":{"line":8,"column":75}},"1":{"start":{"line":14,"column":47},"end":{"line":29,"column":1}},"2":{"start":{"line":15,"column":2},"end":{"line":28,"column":3}},"3":{"start":{"line":19,"column":10},"end":{"line":21,"column":17}}},"fnMap":{"0":{"name":"(anonymous_0)","decl":{"start":{"line":14,"column":47},"end":{"line":14,"column":48}},"loc":{"start":{"line":14,"column":71},"end":{"line":29,"column":1}},"line":14},"1":{"name":"(anonymous_1)","decl":{"start":{"line":18,"column":22},"end":{"line":18,"column":23}},"loc":{"start":{"line":19,"column":10},"end":{"line":21,"column":17}},"line":19}},"branchMap":{},"s":{"0":2,"1":2,"2":2,"3":10},"f":{"0":2,"1":10},"b":{},"_coverageSchema":"1a1c01bbd47fc00a2c39e90264f33305004495a9","hash":"60cc697b5d1ece5f1f7a1e71fb0ce208032fd364"}
}
