TN:
SF:src/App.tsx
FN:15,(anonymous_0)
FN:18,(anonymous_1)
FN:23,(anonymous_2)
FN:27,(anonymous_3)
FN:34,(anonymous_4)
FNF:5
FNH:3
FNDA:2,(anonymous_0)
FNDA:1,(anonymous_1)
FNDA:2,(anonymous_2)
FNDA:0,(anonymous_3)
FNDA:0,(anonymous_4)
DA:15,1
DA:16,2
DA:18,2
DA:19,1
DA:20,1
DA:23,2
DA:24,2
DA:27,2
DA:28,0
DA:34,0
DA:37,2
LF:11
LH:9
BRDA:19,0,0,1
BRDA:19,0,1,1
BRF:2
BRH:2
end_of_record
TN:
SF:src/index.tsx
FNF:0
FNH:0
DA:8,0
LF:1
LH:0
BRF:0
BRH:0
end_of_record
TN:
SF:src/components/Content/Content.tsx
FN:13,(anonymous_0)
FN:19,(anonymous_1)
FN:24,(anonymous_2)
FN:29,(anonymous_3)
FNF:4
FNH:2
FNDA:2,(anonymous_0)
FNDA:2,(anonymous_1)
FNDA:0,(anonymous_2)
FNDA:0,(anonymous_3)
DA:13,1
DA:14,2
DA:19,2
DA:24,0
DA:29,0
LF:5
LH:3
BRF:0
BRH:0
end_of_record
TN:
SF:src/components/Content/Bookmarks/Bookmarks.tsx
FN:13,(anonymous_0)
FN:17,(anonymous_1)
FNF:2
FNH:0
FNDA:0,(anonymous_0)
FNDA:0,(anonymous_1)
DA:13,1
DA:14,0
DA:18,0
DA:19,0
DA:34,0
LF:5
LH:1
BRDA:18,0,0,0
BRDA:18,0,1,0
BRF:2
BRH:0
end_of_record
TN:
SF:src/components/Content/Profile/Profile.tsx
FN:14,(anonymous_0)
FNF:1
FNH:1
FNDA:2,(anonymous_0)
DA:14,1
DA:15,2
LF:2
LH:2
BRF:0
BRH:0
end_of_record
TN:
SF:src/components/Content/Profile/components/ProfileContent/ProfileContent.tsx
FN:16,(anonymous_0)
FN:22,(anonymous_1)
FN:26,(anonymous_2)
FN:30,(anonymous_3)
FN:34,(anonymous_4)
FN:35,(anonymous_5)
FN:36,(anonymous_6)
FNF:7
FNH:2
FNDA:2,(anonymous_0)
FNDA:0,(anonymous_1)
FNDA:0,(anonymous_2)
FNDA:2,(anonymous_3)
FNDA:0,(anonymous_4)
FNDA:0,(anonymous_5)
FNDA:0,(anonymous_6)
DA:16,1
DA:17,2
DA:22,0
DA:26,0
DA:30,2
DA:34,0
DA:35,0
DA:36,0
LF:8
LH:3
BRF:0
BRH:0
end_of_record
TN:
SF:src/components/Content/Profile/components/ProfileInfo/ProfileInfo.tsx
FN:8,(anonymous_0)
FNF:1
FNH:1
FNDA:2,(anonymous_0)
DA:8,1
DA:9,2
LF:2
LH:2
BRF:0
BRH:0
end_of_record
TN:
SF:src/components/Content/Profile/components/ProfileNav/ProfileNav.tsx
FN:7,(anonymous_0)
FN:10,(anonymous_1)
FN:18,(anonymous_2)
FNF:3
FNH:3
FNDA:5,(anonymous_0)
FNDA:1,(anonymous_1)
FNDA:20,(anonymous_2)
DA:5,2
DA:7,2
DA:8,5
DA:10,5
DA:11,1
DA:12,1
DA:15,5
DA:19,20
LF:8
LH:8
BRDA:24,0,0,5
BRDA:24,0,1,15
BRF:2
BRH:2
end_of_record
TN:
SF:src/components/Content/Profile/components/ProfileNav/componentsTest/LikesTest.tsx
FN:5,(anonymous_0)
FN:38,(anonymous_1)
FNF:2
FNH:2
FNDA:1,(anonymous_0)
FNDA:5,(anonymous_1)
DA:5,2
DA:6,1
DA:39,5
LF:3
LH:3
BRF:0
BRH:0
end_of_record
TN:
SF:src/components/Content/Profile/components/ProfileNav/componentsTest/MediaTest.tsx
FN:5,(anonymous_0)
FN:41,(anonymous_1)
FNF:2
FNH:2
FNDA:1,(anonymous_0)
FNDA:5,(anonymous_1)
DA:5,2
DA:6,1
DA:42,5
LF:3
LH:3
BRF:0
BRH:0
end_of_record
TN:
SF:src/components/Content/Profile/components/ProfileNav/componentsTest/TweetsAndRepliesTest.tsx
FN:5,(anonymous_0)
FN:48,(anonymous_1)
FNF:2
FNH:2
FNDA:1,(anonymous_0)
FNDA:5,(anonymous_1)
DA:5,2
DA:6,1
DA:49,5
LF:3
LH:3
BRF:0
BRH:0
end_of_record
TN:
SF:src/components/Nav/Nav.tsx
FN:11,(anonymous_0)
FNF:1
FNH:1
FNDA:1,(anonymous_0)
DA:11,1
DA:12,1
LF:2
LH:2
BRF:0
BRH:0
end_of_record
TN:
SF:src/components/Nav/components/button/Button.tsx
FN:5,(anonymous_0)
FN:11,(anonymous_1)
FN:14,(anonymous_2)
FN:18,(anonymous_3)
FN:24,(anonymous_4)
FN:25,(anonymous_5)
FNF:6
FNH:1
FNDA:0,(anonymous_0)
FNDA:2,(anonymous_1)
FNDA:0,(anonymous_2)
FNDA:0,(anonymous_3)
FNDA:0,(anonymous_4)
FNDA:0,(anonymous_5)
DA:5,2
DA:11,2
DA:12,2
DA:14,2
DA:15,0
DA:18,0
DA:24,2
DA:25,0
DA:28,2
LF:9
LH:6
BRDA:33,0,0,0
BRDA:33,0,1,2
BRF:2
BRH:1
end_of_record
TN:
SF:src/components/Nav/components/menuItems/MenuItems.tsx
FN:13,(anonymous_0)
FN:17,(anonymous_1)
FN:34,(anonymous_2)
FNF:3
FNH:3
FNDA:4,(anonymous_0)
FNDA:1,(anonymous_1)
FNDA:32,(anonymous_2)
DA:13,2
DA:14,4
DA:16,4
DA:18,1
DA:19,1
DA:21,1
DA:22,1
DA:28,4
DA:35,32
LF:9
LH:9
BRDA:21,0,0,1
BRDA:21,0,1,0
BRF:2
BRH:1
end_of_record
TN:
SF:src/components/Nav/components/menuItems/components/Item/Item.tsx
FN:13,(anonymous_0)
FNF:1
FNH:1
FNDA:32,(anonymous_0)
DA:13,2
DA:14,32
LF:2
LH:2
BRDA:16,0,0,4
BRDA:16,0,1,28
BRDA:20,1,0,4
BRDA:20,1,1,28
BRF:4
BRH:4
end_of_record
TN:
SF:src/components/News/News.tsx
FN:23,(anonymous_0)
FN:28,(anonymous_1)
FN:65,(anonymous_2)
FNF:3
FNH:2
FNDA:2,(anonymous_0)
FNDA:0,(anonymous_1)
FNDA:10,(anonymous_2)
DA:16,4
DA:23,4
DA:24,2
DA:29,0
DA:66,10
DA:67,0
DA:76,10
LF:7
LH:5
BRDA:66,0,0,0
BRDA:66,0,1,10
BRF:2
BRH:1
end_of_record
TN:
SF:src/components/News/Post.tsx
FN:19,(anonymous_0)
FNF:1
FNH:0
FNDA:0,(anonymous_0)
DA:12,4
DA:19,4
DA:20,0
LF:3
LH:2
BRF:0
BRH:0
end_of_record
TN:
SF:src/components/News/like.tsx
FN:21,(anonymous_0)
FN:25,(anonymous_1)
FN:26,(anonymous_2)
FN:27,(anonymous_3)
FN:37,(anonymous_4)
FN:43,(anonymous_5)
FNF:6
FNH:0
FNDA:0,(anonymous_0)
FNDA:0,(anonymous_1)
FNDA:0,(anonymous_2)
FNDA:0,(anonymous_3)
FNDA:0,(anonymous_4)
FNDA:0,(anonymous_5)
DA:13,4
DA:21,4
DA:22,0
DA:24,0
DA:26,0
DA:27,0
DA:28,0
DA:34,0
DA:38,0
DA:39,0
DA:44,0
DA:57,0
LF:12
LH:2
BRDA:28,0,0,0
BRDA:28,0,1,0
BRDA:38,1,0,0
BRDA:38,1,1,0
BRDA:50,2,0,0
BRDA:50,2,1,0
BRDA:53,3,0,0
BRDA:53,3,1,0
BRF:8
BRH:0
end_of_record
TN:
SF:src/components/PopupTweet/PopupTweet.tsx
FN:17,(anonymous_0)
FN:20,(anonymous_1)
FN:20,(anonymous_2)
FN:22,(anonymous_3)
FN:27,(anonymous_4)
FNF:5
FNH:0
FNDA:0,(anonymous_0)
FNDA:0,(anonymous_1)
FNDA:0,(anonymous_2)
FNDA:0,(anonymous_3)
FNDA:0,(anonymous_4)
DA:17,0
DA:18,0
DA:20,0
DA:22,0
DA:23,0
DA:26,0
DA:28,0
DA:29,0
DA:30,0
DA:31,0
DA:33,0
DA:39,0
LF:12
LH:0
BRDA:28,0,0,0
BRDA:28,0,1,0
BRDA:88,1,0,0
BRDA:88,1,1,0
BRF:4
BRH:0
end_of_record
TN:
SF:src/components/Sidebar/Sidebar.tsx
FN:11,(anonymous_0)
FNF:1
FNH:1
FNDA:1,(anonymous_0)
DA:11,1
DA:12,1
LF:2
LH:2
BRF:0
BRH:0
end_of_record
TN:
SF:src/components/Sidebar/components/sidebarNav/SidebarNav.tsx
FN:14,(anonymous_0)
FN:18,(anonymous_1)
FNF:2
FNH:2
FNDA:2,(anonymous_0)
FNDA:10,(anonymous_1)
DA:8,2
DA:14,2
DA:15,2
DA:19,10
LF:4
LH:4
BRF:0
BRH:0
end_of_record
